{"C:\\Users\\F\\Desktop\\QrLean\\CodigoProyecto\\Backend\\src\\auth\\controller\\auth.controller.ts": {"path":"C:\\Users\\F\\Desktop\\QrLean\\CodigoProyecto\\Backend\\src\\auth\\controller\\auth.controller.ts","statementMap":{"0":{"start":{"line":1,"column":0},"end":{"line":1,"column":76}},"1":{"start":{"line":2,"column":0},"end":{"line":2,"column":56}},"2":{"start":{"line":3,"column":0},"end":{"line":3,"column":60}},"3":{"start":{"line":4,"column":0},"end":{"line":4,"column":55}},"4":{"start":{"line":7,"column":0},"end":{"line":15,"column":null}},"5":{"start":{"line":8,"column":33},"end":{"line":8,"column":46}},"6":{"start":{"line":13,"column":8},"end":{"line":13,"column":48}},"7":{"start":{"line":12,"column":4},"end":{"line":14,"column":null}},"8":{"start":{"line":7,"column":13},"end":{"line":15,"column":null}},"9":{"start":{"line":7,"column":13},"end":{"line":7,"column":27}}},"fnMap":{"0":{"name":"(anonymous_4)","decl":{"start":{"line":8,"column":4},"end":{"line":8,"column":33}},"loc":{"start":{"line":8,"column":57},"end":{"line":8,"column":61}}},"1":{"name":"(anonymous_5)","decl":{"start":{"line":12,"column":4},"end":{"line":12,"column":9}},"loc":{"start":{"line":12,"column":63},"end":{"line":14,"column":5}}}},"branchMap":{},"s":{"0":1,"1":1,"2":1,"3":1,"4":1,"5":3,"6":2,"7":1,"8":1,"9":1},"f":{"0":3,"1":2},"b":{}}
,"C:\\Users\\F\\Desktop\\QrLean\\CodigoProyecto\\Backend\\src\\auth\\services\\auth.service.ts": {"path":"C:\\Users\\F\\Desktop\\QrLean\\CodigoProyecto\\Backend\\src\\auth\\services\\auth.service.ts","statementMap":{"0":{"start":{"line":1,"column":0},"end":{"line":1,"column":44}},"1":{"start":{"line":2,"column":0},"end":{"line":2,"column":41}},"2":{"start":{"line":4,"column":0},"end":{"line":4,"column":75}},"3":{"start":{"line":5,"column":0},"end":{"line":5,"column":49}},"4":{"start":{"line":7,"column":0},"end":{"line":35,"column":null}},"5":{"start":{"line":9,"column":25},"end":{"line":9,"column":42}},"6":{"start":{"line":10,"column":25},"end":{"line":10,"column":40}},"7":{"start":{"line":11,"column":25},"end":{"line":11,"column":37}},"8":{"start":{"line":18,"column":21},"end":{"line":20,"column":10}},"9":{"start":{"line":21,"column":8},"end":{"line":27,"column":null}},"10":{"start":{"line":25,"column":44},"end":{"line":25,"column":48}},"11":{"start":{"line":25,"column":39},"end":{"line":25,"column":44}},"12":{"start":{"line":26,"column":12},"end":{"line":26,"column":26}},"13":{"start":{"line":28,"column":8},"end":{"line":28,"column":20}},"14":{"start":{"line":31,"column":8},"end":{"line":33,"column":10}},"15":{"start":{"line":7,"column":13},"end":{"line":35,"column":null}},"16":{"start":{"line":7,"column":13},"end":{"line":7,"column":24}}},"fnMap":{"0":{"name":"(anonymous_3)","decl":{"start":{"line":8,"column":4},"end":{"line":8,"column":null}},"loc":{"start":{"line":11,"column":47},"end":{"line":12,"column":8}}},"1":{"name":"(anonymous_4)","decl":{"start":{"line":14,"column":4},"end":{"line":14,"column":9}},"loc":{"start":{"line":16,"column":24},"end":{"line":29,"column":5}}},"2":{"name":"(anonymous_5)","decl":{"start":{"line":30,"column":4},"end":{"line":30,"column":9}},"loc":{"start":{"line":30,"column":23},"end":{"line":34,"column":5}}}},"branchMap":{"0":{"loc":{"start":{"line":21,"column":8},"end":{"line":27,"column":null}},"type":"if","locations":[{"start":{"line":21,"column":8},"end":{"line":27,"column":null}},{"start":{"line":21,"column":8},"end":{"line":27,"column":null}}]},"1":{"loc":{"start":{"line":22,"column":12},"end":{"line":22,"column":16}},"type":"binary-expr","locations":[{"start":{"line":22,"column":12},"end":{"line":22,"column":16}},{"start":{"line":23,"column":13},"end":{"line":23,"column":70}}]}},"s":{"0":2,"1":2,"2":2,"3":2,"4":2,"5":8,"6":8,"7":8,"8":5,"9":5,"10":3,"11":3,"12":3,"13":2,"14":2,"15":2,"16":2},"f":{"0":8,"1":5,"2":2},"b":{"0":[3,2],"1":[5,3]}}
,"C:\\Users\\F\\Desktop\\QrLean\\CodigoProyecto\\Backend\\src\\auth\\services\\bcrypt.service.ts": {"path":"C:\\Users\\F\\Desktop\\QrLean\\CodigoProyecto\\Backend\\src\\auth\\services\\bcrypt.service.ts","statementMap":{"0":{"start":{"line":1,"column":0},"end":{"line":1,"column":44}},"1":{"start":{"line":3,"column":15},"end":{"line":3,"column":32}},"2":{"start":{"line":5,"column":0},"end":{"line":12,"column":null}},"3":{"start":{"line":7,"column":8},"end":{"line":7,"column":47}},"4":{"start":{"line":10,"column":8},"end":{"line":10,"column":52}},"5":{"start":{"line":5,"column":13},"end":{"line":12,"column":null}},"6":{"start":{"line":5,"column":13},"end":{"line":5,"column":26}}},"fnMap":{"0":{"name":"(anonymous_1)","decl":{"start":{"line":6,"column":4},"end":{"line":6,"column":9}},"loc":{"start":{"line":6,"column":31},"end":{"line":8,"column":5}}},"1":{"name":"(anonymous_2)","decl":{"start":{"line":9,"column":4},"end":{"line":9,"column":9}},"loc":{"start":{"line":9,"column":48},"end":{"line":11,"column":5}}}},"branchMap":{},"s":{"0":5,"1":5,"2":5,"3":1,"4":2,"5":5,"6":5},"f":{"0":1,"1":2},"b":{}}
,"C:\\Users\\F\\Desktop\\QrLean\\CodigoProyecto\\Backend\\src\\correo\\enum\\templates.enum.ts": {"path":"C:\\Users\\F\\Desktop\\QrLean\\CodigoProyecto\\Backend\\src\\correo\\enum\\templates.enum.ts","statementMap":{"0":{"start":{"line":1,"column":0},"end":{"line":1,"column":null}},"1":{"start":{"line":2,"column":4},"end":{"line":2,"column":null}}},"fnMap":{"0":{"name":"(anonymous_0)","decl":{"start":{"line":1,"column":0},"end":{"line":1,"column":12}},"loc":{"start":{"line":1,"column":21},"end":{"line":3,"column":1}}}},"branchMap":{"0":{"loc":{"start":{"line":1,"column":12},"end":{"line":1,"column":21}},"type":"binary-expr","locations":[{"start":{"line":1,"column":12},"end":{"line":1,"column":21}},{"start":{"line":1,"column":12},"end":{"line":1,"column":null}}]}},"s":{"0":6,"1":6},"f":{"0":6},"b":{"0":[6,6]}}
,"C:\\Users\\F\\Desktop\\QrLean\\CodigoProyecto\\Backend\\src\\correo\\services\\correo.service.ts": {"path":"C:\\Users\\F\\Desktop\\QrLean\\CodigoProyecto\\Backend\\src\\correo\\services\\correo.service.ts","statementMap":{"0":{"start":{"line":1,"column":0},"end":{"line":1,"column":74}},"1":{"start":{"line":4,"column":0},"end":{"line":4,"column":57}},"2":{"start":{"line":6,"column":15},"end":{"line":6,"column":40}},"3":{"start":{"line":9,"column":0},"end":{"line":33,"column":null}},"4":{"start":{"line":10,"column":24},"end":{"line":10,"column":43}},"5":{"start":{"line":16,"column":8},"end":{"line":31,"column":null}},"6":{"start":{"line":17,"column":25},"end":{"line":19,"column":null}},"7":{"start":{"line":21,"column":12},"end":{"line":21,"column":56}},"8":{"start":{"line":22,"column":24},"end":{"line":27,"column":14}},"9":{"start":{"line":28,"column":12},"end":{"line":28,"column":35}},"10":{"start":{"line":30,"column":12},"end":{"line":30,"column":79}},"11":{"start":{"line":9,"column":13},"end":{"line":33,"column":null}},"12":{"start":{"line":9,"column":13},"end":{"line":9,"column":26}}},"fnMap":{"0":{"name":"(anonymous_2)","decl":{"start":{"line":10,"column":4},"end":{"line":10,"column":24}},"loc":{"start":{"line":10,"column":60},"end":{"line":10,"column":64}}},"1":{"name":"(anonymous_3)","decl":{"start":{"line":11,"column":4},"end":{"line":11,"column":9}},"loc":{"start":{"line":14,"column":27},"end":{"line":32,"column":5}}}},"branchMap":{},"s":{"0":5,"1":5,"2":5,"3":5,"4":4,"5":3,"6":3,"7":2,"8":2,"9":2,"10":2,"11":5,"12":5},"f":{"0":4,"1":3},"b":{}}
,"C:\\Users\\F\\Desktop\\QrLean\\CodigoProyecto\\Backend\\src\\correo\\services\\handlebars.service.ts": {"path":"C:\\Users\\F\\Desktop\\QrLean\\CodigoProyecto\\Backend\\src\\correo\\services\\handlebars.service.ts","statementMap":{"0":{"start":{"line":1,"column":0},"end":{"line":1,"column":44}},"1":{"start":{"line":4,"column":11},"end":{"line":4,"column":33}},"2":{"start":{"line":6,"column":13},"end":{"line":6,"column":28}},"3":{"start":{"line":8,"column":0},"end":{"line":8,"column":36}},"4":{"start":{"line":11,"column":0},"end":{"line":25,"column":null}},"5":{"start":{"line":13,"column":8},"end":{"line":13,"column":62}},"6":{"start":{"line":19,"column":25},"end":{"line":19,"column":76}},"7":{"start":{"line":20,"column":32},"end":{"line":21,"column":null}},"8":{"start":{"line":23,"column":8},"end":{"line":23,"column":45}},"9":{"start":{"line":11,"column":13},"end":{"line":25,"column":null}},"10":{"start":{"line":11,"column":13},"end":{"line":11,"column":30}}},"fnMap":{"0":{"name":"(anonymous_1)","decl":{"start":{"line":12,"column":4},"end":{"line":12,"column":9}},"loc":{"start":{"line":12,"column":35},"end":{"line":14,"column":5}}},"1":{"name":"(anonymous_2)","decl":{"start":{"line":15,"column":4},"end":{"line":15,"column":9}},"loc":{"start":{"line":17,"column":25},"end":{"line":24,"column":5}}}},"branchMap":{},"s":{"0":6,"1":6,"2":6,"3":6,"4":6,"5":5,"6":3,"7":3,"8":3,"9":6,"10":6},"f":{"0":5,"1":3},"b":{}}
,"C:\\Users\\F\\Desktop\\QrLean\\CodigoProyecto\\Backend\\src\\fichas\\controller\\fichas.controller.ts": {"path":"C:\\Users\\F\\Desktop\\QrLean\\CodigoProyecto\\Backend\\src\\fichas\\controller\\fichas.controller.ts","statementMap":{"0":{"start":{"line":1,"column":0},"end":{"line":1,"column":null}},"1":{"start":{"line":13,"column":0},"end":{"line":13,"column":59}},"2":{"start":{"line":14,"column":0},"end":{"line":14,"column":57}},"3":{"start":{"line":15,"column":0},"end":{"line":15,"column":57}},"4":{"start":{"line":16,"column":0},"end":{"line":16,"column":62}},"5":{"start":{"line":17,"column":0},"end":{"line":17,"column":51}},"6":{"start":{"line":25,"column":0},"end":{"line":60,"column":null}},"7":{"start":{"line":26,"column":33},"end":{"line":26,"column":48}},"8":{"start":{"line":31,"column":8},"end":{"line":31,"column":57}},"9":{"start":{"line":37,"column":8},"end":{"line":37,"column":44}},"10":{"start":{"line":43,"column":8},"end":{"line":43,"column":46}},"11":{"start":{"line":52,"column":8},"end":{"line":52,"column":61}},"12":{"start":{"line":58,"column":8},"end":{"line":58,"column":46}},"13":{"start":{"line":30,"column":4},"end":{"line":32,"column":null}},"14":{"start":{"line":36,"column":4},"end":{"line":38,"column":null}},"15":{"start":{"line":42,"column":4},"end":{"line":44,"column":null}},"16":{"start":{"line":48,"column":4},"end":{"line":53,"column":null}},"17":{"start":{"line":57,"column":4},"end":{"line":59,"column":null}},"18":{"start":{"line":25,"column":13},"end":{"line":60,"column":null}},"19":{"start":{"line":25,"column":13},"end":{"line":25,"column":29}}},"fnMap":{"0":{"name":"(anonymous_4)","decl":{"start":{"line":26,"column":4},"end":{"line":26,"column":33}},"loc":{"start":{"line":26,"column":61},"end":{"line":26,"column":65}}},"1":{"name":"(anonymous_5)","decl":{"start":{"line":30,"column":4},"end":{"line":30,"column":10}},"loc":{"start":{"line":30,"column":49},"end":{"line":32,"column":5}}},"2":{"name":"(anonymous_6)","decl":{"start":{"line":36,"column":4},"end":{"line":36,"column":11}},"loc":{"start":{"line":36,"column":11},"end":{"line":38,"column":5}}},"3":{"name":"(anonymous_7)","decl":{"start":{"line":42,"column":4},"end":{"line":42,"column":11}},"loc":{"start":{"line":42,"column":49},"end":{"line":44,"column":5}}},"4":{"name":"(anonymous_8)","decl":{"start":{"line":48,"column":4},"end":{"line":48,"column":10}},"loc":{"start":{"line":50,"column":46},"end":{"line":53,"column":5}}},"5":{"name":"(anonymous_9)","decl":{"start":{"line":57,"column":4},"end":{"line":57,"column":10}},"loc":{"start":{"line":57,"column":48},"end":{"line":59,"column":5}}}},"branchMap":{},"s":{"0":1,"1":1,"2":1,"3":1,"4":1,"5":1,"6":1,"7":6,"8":1,"9":1,"10":1,"11":1,"12":1,"13":1,"14":1,"15":1,"16":1,"17":1,"18":1,"19":1},"f":{"0":6,"1":1,"2":1,"3":1,"4":1,"5":1},"b":{}}
,"C:\\Users\\F\\Desktop\\QrLean\\CodigoProyecto\\Backend\\src\\fichas\\services\\fichas.service.ts": {"path":"C:\\Users\\F\\Desktop\\QrLean\\CodigoProyecto\\Backend\\src\\fichas\\services\\fichas.service.ts","statementMap":{"0":{"start":{"line":1,"column":0},"end":{"line":1,"column":null}},"1":{"start":{"line":9,"column":0},"end":{"line":9,"column":37}},"2":{"start":{"line":10,"column":0},"end":{"line":10,"column":49}},"3":{"start":{"line":11,"column":0},"end":{"line":11,"column":51}},"4":{"start":{"line":14,"column":0},"end":{"line":110,"column":null}},"5":{"start":{"line":17,"column":16},"end":{"line":17,"column":34}},"6":{"start":{"line":21,"column":8},"end":{"line":31,"column":null}},"7":{"start":{"line":22,"column":24},"end":{"line":22,"column":68}},"8":{"start":{"line":23,"column":12},"end":{"line":23,"column":60}},"9":{"start":{"line":24,"column":12},"end":{"line":26,"column":15}},"10":{"start":{"line":28,"column":12},"end":{"line":30,"column":14}},"11":{"start":{"line":35,"column":8},"end":{"line":43,"column":null}},"12":{"start":{"line":36,"column":12},"end":{"line":38,"column":15}},"13":{"start":{"line":40,"column":12},"end":{"line":42,"column":14}},"14":{"start":{"line":47,"column":8},"end":{"line":62,"column":null}},"15":{"start":{"line":48,"column":26},"end":{"line":50,"column":14}},"16":{"start":{"line":51,"column":12},"end":{"line":53,"column":null}},"17":{"start":{"line":52,"column":16},"end":{"line":52,"column":80}},"18":{"start":{"line":54,"column":12},"end":{"line":54,"column":25}},"19":{"start":{"line":56,"column":12},"end":{"line":58,"column":null}},"20":{"start":{"line":57,"column":16},"end":{"line":57,"column":24}},"21":{"start":{"line":59,"column":12},"end":{"line":61,"column":14}},"22":{"start":{"line":66,"column":8},"end":{"line":91,"column":null}},"23":{"start":{"line":67,"column":26},"end":{"line":67,"column":65}},"24":{"start":{"line":68,"column":12},"end":{"line":70,"column":null}},"25":{"start":{"line":69,"column":16},"end":{"line":69,"column":80}},"26":{"start":{"line":71,"column":12},"end":{"line":75,"column":null}},"27":{"start":{"line":72,"column":16},"end":{"line":74,"column":18}},"28":{"start":{"line":76,"column":12},"end":{"line":76,"column":67}},"29":{"start":{"line":77,"column":12},"end":{"line":79,"column":15}},"30":{"start":{"line":81,"column":12},"end":{"line":81,"column":27}},"31":{"start":{"line":82,"column":12},"end":{"line":84,"column":null}},"32":{"start":{"line":83,"column":16},"end":{"line":83,"column":24}},"33":{"start":{"line":85,"column":12},"end":{"line":87,"column":null}},"34":{"start":{"line":86,"column":16},"end":{"line":86,"column":24}},"35":{"start":{"line":88,"column":12},"end":{"line":90,"column":14}},"36":{"start":{"line":95,"column":8},"end":{"line":108,"column":null}},"37":{"start":{"line":96,"column":26},"end":{"line":96,"column":65}},"38":{"start":{"line":97,"column":12},"end":{"line":99,"column":null}},"39":{"start":{"line":98,"column":16},"end":{"line":98,"column":80}},"40":{"start":{"line":100,"column":12},"end":{"line":100,"column":61}},"41":{"start":{"line":102,"column":12},"end":{"line":104,"column":null}},"42":{"start":{"line":103,"column":16},"end":{"line":103,"column":24}},"43":{"start":{"line":105,"column":12},"end":{"line":107,"column":14}},"44":{"start":{"line":14,"column":13},"end":{"line":110,"column":null}},"45":{"start":{"line":14,"column":13},"end":{"line":14,"column":26}}},"fnMap":{"0":{"name":"(anonymous_4)","decl":{"start":{"line":15,"column":4},"end":{"line":15,"column":null}},"loc":{"start":{"line":17,"column":51},"end":{"line":18,"column":8}}},"1":{"name":"(anonymous_5)","decl":{"start":{"line":20,"column":4},"end":{"line":20,"column":9}},"loc":{"start":{"line":20,"column":47},"end":{"line":32,"column":5}}},"2":{"name":"(anonymous_6)","decl":{"start":{"line":34,"column":4},"end":{"line":34,"column":9}},"loc":{"start":{"line":34,"column":17},"end":{"line":44,"column":5}}},"3":{"name":"(anonymous_7)","decl":{"start":{"line":46,"column":4},"end":{"line":46,"column":9}},"loc":{"start":{"line":46,"column":28},"end":{"line":63,"column":5}}},"4":{"name":"(anonymous_8)","decl":{"start":{"line":65,"column":4},"end":{"line":65,"column":9}},"loc":{"start":{"line":65,"column":59},"end":{"line":92,"column":5}}},"5":{"name":"(anonymous_9)","decl":{"start":{"line":94,"column":4},"end":{"line":94,"column":9}},"loc":{"start":{"line":94,"column":27},"end":{"line":109,"column":5}}}},"branchMap":{"0":{"loc":{"start":{"line":51,"column":12},"end":{"line":53,"column":null}},"type":"if","locations":[{"start":{"line":51,"column":12},"end":{"line":53,"column":null}},{"start":{"line":51,"column":12},"end":{"line":53,"column":null}}]},"1":{"loc":{"start":{"line":56,"column":12},"end":{"line":58,"column":null}},"type":"if","locations":[{"start":{"line":56,"column":12},"end":{"line":58,"column":null}},{"start":{"line":56,"column":12},"end":{"line":58,"column":null}}]},"2":{"loc":{"start":{"line":68,"column":12},"end":{"line":70,"column":null}},"type":"if","locations":[{"start":{"line":68,"column":12},"end":{"line":70,"column":null}},{"start":{"line":68,"column":12},"end":{"line":70,"column":null}}]},"3":{"loc":{"start":{"line":71,"column":12},"end":{"line":75,"column":null}},"type":"if","locations":[{"start":{"line":71,"column":12},"end":{"line":75,"column":null}},{"start":{"line":71,"column":12},"end":{"line":75,"column":null}}]},"4":{"loc":{"start":{"line":82,"column":12},"end":{"line":84,"column":null}},"type":"if","locations":[{"start":{"line":82,"column":12},"end":{"line":84,"column":null}},{"start":{"line":82,"column":12},"end":{"line":84,"column":null}}]},"5":{"loc":{"start":{"line":85,"column":12},"end":{"line":87,"column":null}},"type":"if","locations":[{"start":{"line":85,"column":12},"end":{"line":87,"column":null}},{"start":{"line":85,"column":12},"end":{"line":87,"column":null}}]},"6":{"loc":{"start":{"line":97,"column":12},"end":{"line":99,"column":null}},"type":"if","locations":[{"start":{"line":97,"column":12},"end":{"line":99,"column":null}},{"start":{"line":97,"column":12},"end":{"line":99,"column":null}}]},"7":{"loc":{"start":{"line":102,"column":12},"end":{"line":104,"column":null}},"type":"if","locations":[{"start":{"line":102,"column":12},"end":{"line":104,"column":null}},{"start":{"line":102,"column":12},"end":{"line":104,"column":null}}]}},"s":{"0":2,"1":2,"2":2,"3":2,"4":2,"5":23,"6":4,"7":4,"8":4,"9":3,"10":2,"11":3,"12":3,"13":1,"14":4,"15":4,"16":3,"17":1,"18":2,"19":2,"20":1,"21":1,"22":6,"23":6,"24":5,"25":1,"26":4,"27":1,"28":3,"29":2,"30":4,"31":4,"32":1,"33":3,"34":1,"35":2,"36":5,"37":5,"38":4,"39":1,"40":3,"41":3,"42":1,"43":2,"44":2,"45":2},"f":{"0":23,"1":4,"2":3,"3":4,"4":6,"5":5},"b":{"0":[1,2],"1":[1,1],"2":[1,4],"3":[1,3],"4":[1,3],"5":[1,2],"6":[1,3],"7":[1,2]}}
,"C:\\Users\\F\\Desktop\\QrLean\\CodigoProyecto\\Backend\\src\\usuarios\\controller\\usuarios.controller.ts": {"path":"C:\\Users\\F\\Desktop\\QrLean\\CodigoProyecto\\Backend\\src\\usuarios\\controller\\usuarios.controller.ts","statementMap":{"0":{"start":{"line":1,"column":0},"end":{"line":1,"column":null}},"1":{"start":{"line":14,"column":0},"end":{"line":14,"column":63}},"2":{"start":{"line":15,"column":0},"end":{"line":15,"column":61}},"3":{"start":{"line":16,"column":0},"end":{"line":16,"column":61}},"4":{"start":{"line":17,"column":0},"end":{"line":17,"column":64}},"5":{"start":{"line":18,"column":0},"end":{"line":18,"column":62}},"6":{"start":{"line":19,"column":0},"end":{"line":19,"column":51}},"7":{"start":{"line":20,"column":0},"end":{"line":20,"column":64}},"8":{"start":{"line":26,"column":0},"end":{"line":56,"column":null}},"9":{"start":{"line":27,"column":33},"end":{"line":27,"column":50}},"10":{"start":{"line":31,"column":8},"end":{"line":31,"column":67}},"11":{"start":{"line":36,"column":8},"end":{"line":36,"column":52}},"12":{"start":{"line":41,"column":8},"end":{"line":41,"column":55}},"13":{"start":{"line":49,"column":8},"end":{"line":49,"column":71}},"14":{"start":{"line":54,"column":8},"end":{"line":54,"column":53}},"15":{"start":{"line":30,"column":4},"end":{"line":32,"column":null}},"16":{"start":{"line":35,"column":4},"end":{"line":37,"column":null}},"17":{"start":{"line":40,"column":4},"end":{"line":42,"column":null}},"18":{"start":{"line":45,"column":4},"end":{"line":50,"column":null}},"19":{"start":{"line":53,"column":4},"end":{"line":55,"column":null}},"20":{"start":{"line":26,"column":13},"end":{"line":56,"column":null}},"21":{"start":{"line":26,"column":13},"end":{"line":26,"column":31}}},"fnMap":{"0":{"name":"(anonymous_4)","decl":{"start":{"line":27,"column":4},"end":{"line":27,"column":33}},"loc":{"start":{"line":27,"column":65},"end":{"line":27,"column":69}}},"1":{"name":"(anonymous_5)","decl":{"start":{"line":30,"column":4},"end":{"line":30,"column":9}},"loc":{"start":{"line":30,"column":59},"end":{"line":32,"column":5}}},"2":{"name":"(anonymous_6)","decl":{"start":{"line":35,"column":4},"end":{"line":35,"column":9}},"loc":{"start":{"line":35,"column":17},"end":{"line":37,"column":5}}},"3":{"name":"(anonymous_7)","decl":{"start":{"line":40,"column":4},"end":{"line":40,"column":9}},"loc":{"start":{"line":40,"column":55},"end":{"line":42,"column":5}}},"4":{"name":"(anonymous_8)","decl":{"start":{"line":45,"column":4},"end":{"line":45,"column":9}},"loc":{"start":{"line":47,"column":50},"end":{"line":50,"column":5}}},"5":{"name":"(anonymous_9)","decl":{"start":{"line":53,"column":4},"end":{"line":53,"column":9}},"loc":{"start":{"line":53,"column":54},"end":{"line":55,"column":5}}}},"branchMap":{},"s":{"0":1,"1":1,"2":1,"3":1,"4":1,"5":1,"6":1,"7":1,"8":1,"9":6,"10":1,"11":1,"12":1,"13":1,"14":1,"15":1,"16":1,"17":1,"18":1,"19":1,"20":1,"21":1},"f":{"0":6,"1":1,"2":1,"3":1,"4":1,"5":1},"b":{}}
,"C:\\Users\\F\\Desktop\\QrLean\\CodigoProyecto\\Backend\\src\\usuarios\\services\\usuarios.service.ts": {"path":"C:\\Users\\F\\Desktop\\QrLean\\CodigoProyecto\\Backend\\src\\usuarios\\services\\usuarios.service.ts","statementMap":{"0":{"start":{"line":1,"column":0},"end":{"line":1,"column":null}},"1":{"start":{"line":7,"column":0},"end":{"line":7,"column":51}},"2":{"start":{"line":8,"column":0},"end":{"line":8,"column":42}},"3":{"start":{"line":11,"column":0},"end":{"line":11,"column":53}},"4":{"start":{"line":12,"column":0},"end":{"line":12,"column":67}},"5":{"start":{"line":13,"column":0},"end":{"line":13,"column":30}},"6":{"start":{"line":14,"column":0},"end":{"line":14,"column":69}},"7":{"start":{"line":15,"column":0},"end":{"line":15,"column":61}},"8":{"start":{"line":17,"column":0},"end":{"line":180,"column":null}},"9":{"start":{"line":20,"column":16},"end":{"line":20,"column":33}},"10":{"start":{"line":21,"column":16},"end":{"line":21,"column":31}},"11":{"start":{"line":22,"column":16},"end":{"line":22,"column":31}},"12":{"start":{"line":26,"column":8},"end":{"line":60,"column":null}},"13":{"start":{"line":27,"column":23},"end":{"line":27,"column":68}},"14":{"start":{"line":28,"column":36},"end":{"line":30,"column":14}},"15":{"start":{"line":32,"column":16},"end":{"line":34,"column":18}},"16":{"start":{"line":35,"column":12},"end":{"line":39,"column":null}},"17":{"start":{"line":36,"column":16},"end":{"line":38,"column":18}},"18":{"start":{"line":40,"column":26},"end":{"line":40,"column":32}},"19":{"start":{"line":41,"column":12},"end":{"line":45,"column":14}},"20":{"start":{"line":46,"column":12},"end":{"line":46,"column":31}},"21":{"start":{"line":47,"column":12},"end":{"line":47,"column":65}},"22":{"start":{"line":48,"column":12},"end":{"line":48,"column":57}},"23":{"start":{"line":49,"column":12},"end":{"line":51,"column":15}},"24":{"start":{"line":54,"column":12},"end":{"line":56,"column":null}},"25":{"start":{"line":55,"column":16},"end":{"line":55,"column":24}},"26":{"start":{"line":57,"column":12},"end":{"line":59,"column":14}},"27":{"start":{"line":64,"column":8},"end":{"line":79,"column":null}},"28":{"start":{"line":65,"column":12},"end":{"line":74,"column":15}},"29":{"start":{"line":76,"column":12},"end":{"line":78,"column":14}},"30":{"start":{"line":83,"column":8},"end":{"line":100,"column":null}},"31":{"start":{"line":84,"column":25},"end":{"line":86,"column":14}},"32":{"start":{"line":87,"column":12},"end":{"line":91,"column":null}},"33":{"start":{"line":88,"column":16},"end":{"line":90,"column":18}},"34":{"start":{"line":92,"column":12},"end":{"line":92,"column":24}},"35":{"start":{"line":94,"column":12},"end":{"line":96,"column":null}},"36":{"start":{"line":95,"column":16},"end":{"line":95,"column":24}},"37":{"start":{"line":97,"column":12},"end":{"line":99,"column":14}},"38":{"start":{"line":111,"column":8},"end":{"line":153,"column":null}},"39":{"start":{"line":112,"column":25},"end":{"line":112,"column":63}},"40":{"start":{"line":113,"column":12},"end":{"line":117,"column":null}},"41":{"start":{"line":114,"column":16},"end":{"line":116,"column":18}},"42":{"start":{"line":118,"column":12},"end":{"line":122,"column":null}},"43":{"start":{"line":119,"column":16},"end":{"line":121,"column":18}},"44":{"start":{"line":123,"column":36},"end":{"line":126,"column":14}},"45":{"start":{"line":128,"column":16},"end":{"line":131,"column":18}},"46":{"start":{"line":133,"column":12},"end":{"line":137,"column":null}},"47":{"start":{"line":134,"column":16},"end":{"line":136,"column":18}},"48":{"start":{"line":139,"column":12},"end":{"line":139,"column":68}},"49":{"start":{"line":140,"column":12},"end":{"line":142,"column":15}},"50":{"start":{"line":144,"column":12},"end":{"line":146,"column":null}},"51":{"start":{"line":145,"column":16},"end":{"line":145,"column":24}},"52":{"start":{"line":147,"column":12},"end":{"line":149,"column":null}},"53":{"start":{"line":148,"column":16},"end":{"line":148,"column":24}},"54":{"start":{"line":150,"column":12},"end":{"line":152,"column":14}},"55":{"start":{"line":157,"column":8},"end":{"line":172,"column":null}},"56":{"start":{"line":158,"column":25},"end":{"line":158,"column":63}},"57":{"start":{"line":159,"column":12},"end":{"line":163,"column":null}},"58":{"start":{"line":160,"column":16},"end":{"line":162,"column":18}},"59":{"start":{"line":164,"column":12},"end":{"line":164,"column":59}},"60":{"start":{"line":166,"column":12},"end":{"line":168,"column":null}},"61":{"start":{"line":167,"column":16},"end":{"line":167,"column":24}},"62":{"start":{"line":169,"column":12},"end":{"line":171,"column":14}},"63":{"start":{"line":176,"column":8},"end":{"line":178,"column":11}},"64":{"start":{"line":17,"column":13},"end":{"line":180,"column":null}},"65":{"start":{"line":17,"column":13},"end":{"line":17,"column":28}}},"fnMap":{"0":{"name":"(anonymous_4)","decl":{"start":{"line":18,"column":4},"end":{"line":18,"column":null}},"loc":{"start":{"line":22,"column":44},"end":{"line":23,"column":8}}},"1":{"name":"(anonymous_5)","decl":{"start":{"line":25,"column":4},"end":{"line":25,"column":9}},"loc":{"start":{"line":25,"column":51},"end":{"line":61,"column":5}}},"2":{"name":"(anonymous_6)","decl":{"start":{"line":63,"column":4},"end":{"line":63,"column":9}},"loc":{"start":{"line":63,"column":17},"end":{"line":80,"column":5}}},"3":{"name":"(anonymous_7)","decl":{"start":{"line":82,"column":4},"end":{"line":82,"column":9}},"loc":{"start":{"line":82,"column":28},"end":{"line":101,"column":5}}},"4":{"name":"(anonymous_8)","decl":{"start":{"line":107,"column":4},"end":{"line":107,"column":9}},"loc":{"start":{"line":109,"column":42},"end":{"line":154,"column":5}}},"5":{"name":"(anonymous_9)","decl":{"start":{"line":156,"column":4},"end":{"line":156,"column":9}},"loc":{"start":{"line":156,"column":27},"end":{"line":173,"column":5}}},"6":{"name":"(anonymous_10)","decl":{"start":{"line":175,"column":4},"end":{"line":175,"column":9}},"loc":{"start":{"line":175,"column":36},"end":{"line":179,"column":5}}}},"branchMap":{"0":{"loc":{"start":{"line":35,"column":12},"end":{"line":39,"column":null}},"type":"if","locations":[{"start":{"line":35,"column":12},"end":{"line":39,"column":null}},{"start":{"line":35,"column":12},"end":{"line":39,"column":null}}]},"1":{"loc":{"start":{"line":35,"column":16},"end":{"line":35,"column":31}},"type":"binary-expr","locations":[{"start":{"line":35,"column":16},"end":{"line":35,"column":31}},{"start":{"line":35,"column":35},"end":{"line":35,"column":60}}]},"2":{"loc":{"start":{"line":54,"column":12},"end":{"line":56,"column":null}},"type":"if","locations":[{"start":{"line":54,"column":12},"end":{"line":56,"column":null}},{"start":{"line":54,"column":12},"end":{"line":56,"column":null}}]},"3":{"loc":{"start":{"line":87,"column":12},"end":{"line":91,"column":null}},"type":"if","locations":[{"start":{"line":87,"column":12},"end":{"line":91,"column":null}},{"start":{"line":87,"column":12},"end":{"line":91,"column":null}}]},"4":{"loc":{"start":{"line":94,"column":12},"end":{"line":96,"column":null}},"type":"if","locations":[{"start":{"line":94,"column":12},"end":{"line":96,"column":null}},{"start":{"line":94,"column":12},"end":{"line":96,"column":null}}]},"5":{"loc":{"start":{"line":113,"column":12},"end":{"line":117,"column":null}},"type":"if","locations":[{"start":{"line":113,"column":12},"end":{"line":117,"column":null}},{"start":{"line":113,"column":12},"end":{"line":117,"column":null}}]},"6":{"loc":{"start":{"line":118,"column":12},"end":{"line":122,"column":null}},"type":"if","locations":[{"start":{"line":118,"column":12},"end":{"line":122,"column":null}},{"start":{"line":118,"column":12},"end":{"line":122,"column":null}}]},"7":{"loc":{"start":{"line":125,"column":52},"end":{"line":125,"column":54}},"type":"cond-expr","locations":[{"start":{"line":125,"column":52},"end":{"line":125,"column":54}},{"start":{"line":125,"column":36},"end":{"line":125,"column":72}}]},"8":{"loc":{"start":{"line":125,"column":36},"end":{"line":125,"column":54}},"type":"binary-expr","locations":[{"start":{"line":125,"column":36},"end":{"line":125,"column":54}},{"start":{"line":125,"column":36},"end":{"line":125,"column":54}}]},"9":{"loc":{"start":{"line":130,"column":54},"end":{"line":130,"column":56}},"type":"cond-expr","locations":[{"start":{"line":130,"column":54},"end":{"line":130,"column":56}},{"start":{"line":130,"column":38},"end":{"line":130,"column":72}}]},"10":{"loc":{"start":{"line":130,"column":38},"end":{"line":130,"column":56}},"type":"binary-expr","locations":[{"start":{"line":130,"column":38},"end":{"line":130,"column":56}},{"start":{"line":130,"column":38},"end":{"line":130,"column":56}}]},"11":{"loc":{"start":{"line":133,"column":12},"end":{"line":137,"column":null}},"type":"if","locations":[{"start":{"line":133,"column":12},"end":{"line":137,"column":null}},{"start":{"line":133,"column":12},"end":{"line":137,"column":null}}]},"12":{"loc":{"start":{"line":133,"column":16},"end":{"line":133,"column":31}},"type":"binary-expr","locations":[{"start":{"line":133,"column":16},"end":{"line":133,"column":31}},{"start":{"line":133,"column":35},"end":{"line":133,"column":60}}]},"13":{"loc":{"start":{"line":144,"column":12},"end":{"line":146,"column":null}},"type":"if","locations":[{"start":{"line":144,"column":12},"end":{"line":146,"column":null}},{"start":{"line":144,"column":12},"end":{"line":146,"column":null}}]},"14":{"loc":{"start":{"line":147,"column":12},"end":{"line":149,"column":null}},"type":"if","locations":[{"start":{"line":147,"column":12},"end":{"line":149,"column":null}},{"start":{"line":147,"column":12},"end":{"line":149,"column":null}}]},"15":{"loc":{"start":{"line":159,"column":12},"end":{"line":163,"column":null}},"type":"if","locations":[{"start":{"line":159,"column":12},"end":{"line":163,"column":null}},{"start":{"line":159,"column":12},"end":{"line":163,"column":null}}]},"16":{"loc":{"start":{"line":166,"column":12},"end":{"line":168,"column":null}},"type":"if","locations":[{"start":{"line":166,"column":12},"end":{"line":168,"column":null}},{"start":{"line":166,"column":12},"end":{"line":168,"column":null}}]}},"s":{"0":4,"1":4,"2":4,"3":4,"4":4,"5":4,"6":4,"7":4,"8":4,"9":31,"10":31,"11":31,"12":7,"13":7,"14":7,"15":7,"16":7,"17":2,"18":5,"19":5,"20":5,"21":5,"22":4,"23":3,"24":5,"25":2,"26":3,"27":3,"28":3,"29":1,"30":4,"31":4,"32":3,"33":1,"34":2,"35":2,"36":1,"37":1,"38":8,"39":8,"40":7,"41":1,"42":6,"43":1,"44":5,"45":5,"46":5,"47":2,"48":3,"49":2,"50":6,"51":1,"52":5,"53":3,"54":2,"55":5,"56":5,"57":4,"58":1,"59":3,"60":3,"61":1,"62":2,"63":3,"64":4,"65":4},"f":{"0":31,"1":7,"2":3,"3":4,"4":8,"5":5,"6":3},"b":{"0":[2,5],"1":[7,6],"2":[2,3],"3":[1,2],"4":[1,1],"5":[1,6],"6":[1,5],"7":[0,5],"8":[5,5],"9":[0,5],"10":[5,5],"11":[2,3],"12":[5,4],"13":[1,5],"14":[3,2],"15":[1,3],"16":[1,2]}}
}
