TN:
SF:src\auth\controller\auth.controller.ts
FN:8,(anonymous_4)
FN:12,(anonymous_5)
FNF:2
FNH:2
FNDA:3,(anonymous_4)
FNDA:2,(anonymous_5)
DA:1,1
DA:2,1
DA:3,1
DA:4,1
DA:7,1
DA:8,3
DA:12,1
DA:13,2
LF:8
LH:8
BRF:0
BRH:0
end_of_record
TN:
SF:src\auth\services\auth.service.ts
FN:8,(anonymous_3)
FN:14,(anonymous_4)
FN:30,(anonymous_5)
FNF:3
FNH:3
FNDA:8,(anonymous_3)
FNDA:5,(anonymous_4)
FNDA:2,(anonymous_5)
DA:1,2
DA:2,2
DA:4,2
DA:5,2
DA:7,2
DA:9,8
DA:10,8
DA:11,8
DA:18,5
DA:21,5
DA:25,3
DA:26,3
DA:28,2
DA:31,2
LF:14
LH:14
BRDA:21,0,0,3
BRDA:21,0,1,2
BRDA:22,1,0,5
BRDA:22,1,1,3
BRF:4
BRH:4
end_of_record
TN:
SF:src\auth\services\bcrypt.service.ts
FN:6,(anonymous_1)
FN:9,(anonymous_2)
FNF:2
FNH:2
FNDA:1,(anonymous_1)
FNDA:2,(anonymous_2)
DA:1,5
DA:3,5
DA:5,5
DA:7,1
DA:10,2
LF:5
LH:5
BRF:0
BRH:0
end_of_record
TN:
SF:src\correo\enum\templates.enum.ts
FN:1,(anonymous_0)
FNF:1
FNH:1
FNDA:6,(anonymous_0)
DA:1,6
DA:2,6
LF:2
LH:2
BRDA:1,0,0,6
BRDA:1,0,1,6
BRF:2
BRH:2
end_of_record
TN:
SF:src\correo\services\correo.service.ts
FN:10,(anonymous_2)
FN:11,(anonymous_3)
FNF:2
FNH:2
FNDA:4,(anonymous_2)
FNDA:3,(anonymous_3)
DA:1,5
DA:4,5
DA:6,5
DA:9,5
DA:10,4
DA:16,3
DA:17,3
DA:21,2
DA:22,2
DA:28,2
DA:30,2
LF:11
LH:11
BRF:0
BRH:0
end_of_record
TN:
SF:src\correo\services\handlebars.service.ts
FN:12,(anonymous_1)
FN:15,(anonymous_2)
FNF:2
FNH:2
FNDA:5,(anonymous_1)
FNDA:3,(anonymous_2)
DA:1,6
DA:4,6
DA:6,6
DA:8,6
DA:11,6
DA:13,5
DA:19,3
DA:20,3
DA:23,3
LF:9
LH:9
BRF:0
BRH:0
end_of_record
TN:
SF:src\fichas\controller\fichas.controller.ts
FN:26,(anonymous_4)
FN:30,(anonymous_5)
FN:36,(anonymous_6)
FN:42,(anonymous_7)
FN:48,(anonymous_8)
FN:57,(anonymous_9)
FNF:6
FNH:6
FNDA:6,(anonymous_4)
FNDA:1,(anonymous_5)
FNDA:1,(anonymous_6)
FNDA:1,(anonymous_7)
FNDA:1,(anonymous_8)
FNDA:1,(anonymous_9)
DA:1,1
DA:13,1
DA:14,1
DA:15,1
DA:16,1
DA:17,1
DA:25,1
DA:26,6
DA:30,1
DA:31,1
DA:36,1
DA:37,1
DA:42,1
DA:43,1
DA:48,1
DA:52,1
DA:57,1
DA:58,1
LF:18
LH:18
BRF:0
BRH:0
end_of_record
TN:
SF:src\fichas\services\fichas.service.ts
FN:15,(anonymous_4)
FN:20,(anonymous_5)
FN:34,(anonymous_6)
FN:46,(anonymous_7)
FN:65,(anonymous_8)
FN:94,(anonymous_9)
FNF:6
FNH:6
FNDA:23,(anonymous_4)
FNDA:4,(anonymous_5)
FNDA:3,(anonymous_6)
FNDA:4,(anonymous_7)
FNDA:6,(anonymous_8)
FNDA:5,(anonymous_9)
DA:1,2
DA:9,2
DA:10,2
DA:11,2
DA:14,2
DA:17,23
DA:21,4
DA:22,4
DA:23,4
DA:24,3
DA:28,2
DA:35,3
DA:36,3
DA:40,1
DA:47,4
DA:48,4
DA:51,3
DA:52,1
DA:54,2
DA:56,2
DA:57,1
DA:59,1
DA:66,6
DA:67,6
DA:68,5
DA:69,1
DA:71,4
DA:72,1
DA:76,3
DA:77,2
DA:81,4
DA:82,4
DA:83,1
DA:85,3
DA:86,1
DA:88,2
DA:95,5
DA:96,5
DA:97,4
DA:98,1
DA:100,3
DA:102,3
DA:103,1
DA:105,2
LF:44
LH:44
BRDA:51,0,0,1
BRDA:51,0,1,2
BRDA:56,1,0,1
BRDA:56,1,1,1
BRDA:68,2,0,1
BRDA:68,2,1,4
BRDA:71,3,0,1
BRDA:71,3,1,3
BRDA:82,4,0,1
BRDA:82,4,1,3
BRDA:85,5,0,1
BRDA:85,5,1,2
BRDA:97,6,0,1
BRDA:97,6,1,3
BRDA:102,7,0,1
BRDA:102,7,1,2
BRF:16
BRH:16
end_of_record
TN:
SF:src\usuarios\controller\usuarios.controller.ts
FN:27,(anonymous_4)
FN:30,(anonymous_5)
FN:35,(anonymous_6)
FN:40,(anonymous_7)
FN:45,(anonymous_8)
FN:53,(anonymous_9)
FNF:6
FNH:6
FNDA:6,(anonymous_4)
FNDA:1,(anonymous_5)
FNDA:1,(anonymous_6)
FNDA:1,(anonymous_7)
FNDA:1,(anonymous_8)
FNDA:1,(anonymous_9)
DA:1,1
DA:14,1
DA:15,1
DA:16,1
DA:17,1
DA:18,1
DA:19,1
DA:20,1
DA:26,1
DA:27,6
DA:30,1
DA:31,1
DA:35,1
DA:36,1
DA:40,1
DA:41,1
DA:45,1
DA:49,1
DA:53,1
DA:54,1
LF:20
LH:20
BRF:0
BRH:0
end_of_record
TN:
SF:src\usuarios\services\usuarios.service.ts
FN:18,(anonymous_4)
FN:25,(anonymous_5)
FN:63,(anonymous_6)
FN:82,(anonymous_7)
FN:107,(anonymous_8)
FN:156,(anonymous_9)
FN:175,(anonymous_10)
FNF:7
FNH:7
FNDA:31,(anonymous_4)
FNDA:7,(anonymous_5)
FNDA:3,(anonymous_6)
FNDA:4,(anonymous_7)
FNDA:8,(anonymous_8)
FNDA:5,(anonymous_9)
FNDA:3,(anonymous_10)
DA:1,4
DA:7,4
DA:8,4
DA:11,4
DA:12,4
DA:13,4
DA:14,4
DA:15,4
DA:17,4
DA:20,31
DA:21,31
DA:22,31
DA:26,7
DA:27,7
DA:28,7
DA:32,7
DA:35,7
DA:36,2
DA:40,5
DA:41,5
DA:46,5
DA:47,5
DA:48,4
DA:49,3
DA:54,5
DA:55,2
DA:57,3
DA:64,3
DA:65,3
DA:76,1
DA:83,4
DA:84,4
DA:87,3
DA:88,1
DA:92,2
DA:94,2
DA:95,1
DA:97,1
DA:111,8
DA:112,8
DA:113,7
DA:114,1
DA:118,6
DA:119,1
DA:123,5
DA:128,5
DA:133,5
DA:134,2
DA:139,3
DA:140,2
DA:144,6
DA:145,1
DA:147,5
DA:148,3
DA:150,2
DA:157,5
DA:158,5
DA:159,4
DA:160,1
DA:164,3
DA:166,3
DA:167,1
DA:169,2
DA:176,3
LF:64
LH:64
BRDA:35,0,0,2
BRDA:35,0,1,5
BRDA:35,1,0,7
BRDA:35,1,1,6
BRDA:54,2,0,2
BRDA:54,2,1,3
BRDA:87,3,0,1
BRDA:87,3,1,2
BRDA:94,4,0,1
BRDA:94,4,1,1
BRDA:113,5,0,1
BRDA:113,5,1,6
BRDA:118,6,0,1
BRDA:118,6,1,5
BRDA:125,7,0,0
BRDA:125,7,1,5
BRDA:125,8,0,5
BRDA:125,8,1,5
BRDA:130,9,0,0
BRDA:130,9,1,5
BRDA:130,10,0,5
BRDA:130,10,1,5
BRDA:133,11,0,2
BRDA:133,11,1,3
BRDA:133,12,0,5
BRDA:133,12,1,4
BRDA:144,13,0,1
BRDA:144,13,1,5
BRDA:147,14,0,3
BRDA:147,14,1,2
BRDA:159,15,0,1
BRDA:159,15,1,3
BRDA:166,16,0,1
BRDA:166,16,1,2
BRF:34
BRH:32
end_of_record
